  window.cpp
  user.cpp
  manager.cpp
  main.cpp
  hotels.cpp
  help.cpp
  functions.cpp
  file_lock___.cpp
e:\myproject\hotel\hotel\file_lock___.cpp(21): warning C4996: 'gets': This function or variable may be unsafe. Consider using gets_s instead. To disable deprecation, use _CRT_SECURE_NO_WARNINGS. See online help for details.
          d:\program files (x86)\microsoft visual studio 12.0\vc\include\stdio.h(254) : 参见“gets”的声明
e:\myproject\hotel\hotel\file_lock___.cpp(24): warning C4996: 'gets': This function or variable may be unsafe. Consider using gets_s instead. To disable deprecation, use _CRT_SECURE_NO_WARNINGS. See online help for details.
          d:\program files (x86)\microsoft visual studio 12.0\vc\include\stdio.h(254) : 参见“gets”的声明
e:\myproject\hotel\hotel\file_lock___.cpp(27): warning C4996: 'gets': This function or variable may be unsafe. Consider using gets_s instead. To disable deprecation, use _CRT_SECURE_NO_WARNINGS. See online help for details.
          d:\program files (x86)\microsoft visual studio 12.0\vc\include\stdio.h(254) : 参见“gets”的声明
e:\myproject\hotel\hotel\file_lock___.cpp(35): warning C4996: 'strcpy': This function or variable may be unsafe. Consider using strcpy_s instead. To disable deprecation, use _CRT_SECURE_NO_WARNINGS. See online help for details.
          d:\program files (x86)\microsoft visual studio 12.0\vc\include\string.h(112) : 参见“strcpy”的声明
e:\myproject\hotel\hotel\file_lock___.cpp(36): warning C4996: 'strcpy': This function or variable may be unsafe. Consider using strcpy_s instead. To disable deprecation, use _CRT_SECURE_NO_WARNINGS. See online help for details.
          d:\program files (x86)\microsoft visual studio 12.0\vc\include\string.h(112) : 参见“strcpy”的声明
e:\myproject\hotel\hotel\file_lock___.cpp(37): warning C4996: 'strcpy': This function or variable may be unsafe. Consider using strcpy_s instead. To disable deprecation, use _CRT_SECURE_NO_WARNINGS. See online help for details.
          d:\program files (x86)\microsoft visual studio 12.0\vc\include\string.h(112) : 参见“strcpy”的声明
e:\myproject\hotel\hotel\file_lock___.cpp(53): warning C4996: 'fopen': This function or variable may be unsafe. Consider using fopen_s instead. To disable deprecation, use _CRT_SECURE_NO_WARNINGS. See online help for details.
          d:\program files (x86)\microsoft visual studio 12.0\vc\include\stdio.h(211) : 参见“fopen”的声明
e:\myproject\hotel\hotel\file_lock___.cpp(58): warning C4996: 'fopen': This function or variable may be unsafe. Consider using fopen_s instead. To disable deprecation, use _CRT_SECURE_NO_WARNINGS. See online help for details.
          d:\program files (x86)\microsoft visual studio 12.0\vc\include\stdio.h(211) : 参见“fopen”的声明
  正在生成代码...
e:\myproject\hotel\hotel\functions.h(83): warning C4715: “function::compare_hotel”: 不是所有的控件路径都返回值
e:\myproject\hotel\hotel\functions.h(88): warning C4715: “function::compare_user”: 不是所有的控件路径都返回值
e:\myproject\hotel\hotel\functions.h(93): warning C4715: “function::compar_manager”: 不是所有的控件路径都返回值
e:\myproject\hotel\hotel\hotels.cpp(375): warning C4715: “hotel::change_room”: 不是所有的控件路径都返回值
e:\myproject\hotel\hotel\manager.cpp(90): warning C4717: “managermain”: 如递归所有控件路径，函数将导致运行时堆栈溢出
e:\myproject\hotel\hotel\user.cpp(109): warning C4717: “usermain”: 如递归所有控件路径，函数将导致运行时堆栈溢出
e:\myproject\hotel\hotel\user.cpp(947): warning C4717: “youke”: 如递归所有控件路径，函数将导致运行时堆栈溢出
e:\myproject\hotel\hotel\window.cpp(189): warning C4717: “enter”: 如递归所有控件路径，函数将导致运行时堆栈溢出
  hotel.vcxproj -> E:\myproject\hotel\hotel\Debug\hotel.exe
