  file_lock___.cpp
file_lock___.cpp(21): warning C4996: 'gets': This function or variable may be unsafe. Consider using gets_s instead. To disable deprecation, use _CRT_SECURE_NO_WARNINGS. See online help for details.
          D:\Program Files (x86)\Microsoft Visual Studio 12.0\VC\include\stdio.h(254) : 参见“gets”的声明
file_lock___.cpp(24): warning C4996: 'gets': This function or variable may be unsafe. Consider using gets_s instead. To disable deprecation, use _CRT_SECURE_NO_WARNINGS. See online help for details.
          D:\Program Files (x86)\Microsoft Visual Studio 12.0\VC\include\stdio.h(254) : 参见“gets”的声明
file_lock___.cpp(27): warning C4996: 'gets': This function or variable may be unsafe. Consider using gets_s instead. To disable deprecation, use _CRT_SECURE_NO_WARNINGS. See online help for details.
          D:\Program Files (x86)\Microsoft Visual Studio 12.0\VC\include\stdio.h(254) : 参见“gets”的声明
file_lock___.cpp(35): warning C4996: 'strcpy': This function or variable may be unsafe. Consider using strcpy_s instead. To disable deprecation, use _CRT_SECURE_NO_WARNINGS. See online help for details.
          D:\Program Files (x86)\Microsoft Visual Studio 12.0\VC\include\string.h(112) : 参见“strcpy”的声明
file_lock___.cpp(36): warning C4996: 'strcpy': This function or variable may be unsafe. Consider using strcpy_s instead. To disable deprecation, use _CRT_SECURE_NO_WARNINGS. See online help for details.
          D:\Program Files (x86)\Microsoft Visual Studio 12.0\VC\include\string.h(112) : 参见“strcpy”的声明
file_lock___.cpp(37): warning C4996: 'strcpy': This function or variable may be unsafe. Consider using strcpy_s instead. To disable deprecation, use _CRT_SECURE_NO_WARNINGS. See online help for details.
          D:\Program Files (x86)\Microsoft Visual Studio 12.0\VC\include\string.h(112) : 参见“strcpy”的声明
file_lock___.cpp(53): warning C4996: 'fopen': This function or variable may be unsafe. Consider using fopen_s instead. To disable deprecation, use _CRT_SECURE_NO_WARNINGS. See online help for details.
          D:\Program Files (x86)\Microsoft Visual Studio 12.0\VC\include\stdio.h(211) : 参见“fopen”的声明
file_lock___.cpp(58): warning C4996: 'fopen': This function or variable may be unsafe. Consider using fopen_s instead. To disable deprecation, use _CRT_SECURE_NO_WARNINGS. See online help for details.
          D:\Program Files (x86)\Microsoft Visual Studio 12.0\VC\include\stdio.h(211) : 参见“fopen”的声明
  functions.cpp
  help.cpp
  hotels.cpp
  main.cpp
  manager.cpp
  user.cpp
  window.cpp
  正在生成代码
e:\myproject\hotel\hotel\functions.h(93): warning C4715: “function::compar_manager”: 不是所有的控件路径都返回值
e:\myproject\hotel\hotel\functions.h(88): warning C4715: “function::compare_user”: 不是所有的控件路径都返回值
e:\myproject\hotel\hotel\functions.h(83): warning C4715: “function::compare_hotel”: 不是所有的控件路径都返回值
e:\myproject\hotel\hotel\hotels.cpp(375): warning C4715: “hotel::change_room”: 不是所有的控件路径都返回值
  已完成代码的生成
  hotel.vcxproj -> E:\myproject\hotel\hotel\Release\hotel.exe
